wear/build/intermediates/manifest_merge_blame_file/release/manifest-merger-blame-release-report.txt
1<?xml version="1.0" encoding="utf-8"?>
2<manifest xmlns:android="http://schemas.android.com/apk/res/android"
3    package="com.mrpeel.cricketbattingtracker"
4    android:versionCode="1"
5    android:versionName="1.0" >
6
7    <uses-sdk
8        android:minSdkVersion="30"
9        android:targetSdkVersion="34" />
10
11    <uses-feature android:name="android.hardware.type.watch" />
11-->src/main/AndroidManifest.xml:4:5-64
11-->src/main/AndroidManifest.xml:4:19-61
12
13    <!-- Health / Body Sensors purely for required services, though we will mostly use accel/gyro -->
14    <uses-permission android:name="android.permission.BODY_SENSORS" />
14-->src/main/AndroidManifest.xml:7:5-71
14-->src/main/AndroidManifest.xml:7:22-68
15    <uses-permission android:name="android.permission.ACTIVITY_RECOGNITION" />
15-->src/main/AndroidManifest.xml:8:5-79
15-->src/main/AndroidManifest.xml:8:22-76
16    <!-- Foreground service -->
17    <uses-permission android:name="android.permission.FOREGROUND_SERVICE" />
17-->src/main/AndroidManifest.xml:10:5-77
17-->src/main/AndroidManifest.xml:10:22-74
18    <uses-permission android:name="android.permission.FOREGROUND_SERVICE_HEALTH" />
18-->src/main/AndroidManifest.xml:11:5-84
18-->src/main/AndroidManifest.xml:11:22-81
19    <uses-permission android:name="android.permission.WAKE_LOCK" />
19-->src/main/AndroidManifest.xml:12:5-68
19-->src/main/AndroidManifest.xml:12:22-65
20
21    <queries>
21-->[androidx.health:health-services-client:1.0.0-rc01] AndroidManifest.xml:19:5-21:15
22        <package android:name="com.google.android.wearable.healthservices" />
22-->[androidx.health:health-services-client:1.0.0-rc01] AndroidManifest.xml:20:9-78
22-->[androidx.health:health-services-client:1.0.0-rc01] AndroidManifest.xml:20:18-75
23    </queries>
24
25    <permission
25-->[androidx.core:core:1.12.0] AndroidManifest.xml:22:5-24:47
26        android:name="com.mrpeel.cricketbattingtracker.DYNAMIC_RECEIVER_NOT_EXPORTED_PERMISSION"
26-->[androidx.core:core:1.12.0] AndroidManifest.xml:23:9-81
27        android:protectionLevel="signature" />
27-->[androidx.core:core:1.12.0] AndroidManifest.xml:24:9-44
28
29    <uses-permission android:name="com.mrpeel.cricketbattingtracker.DYNAMIC_RECEIVER_NOT_EXPORTED_PERMISSION" />
29-->[androidx.core:core:1.12.0] AndroidManifest.xml:26:5-97
29-->[androidx.core:core:1.12.0] AndroidManifest.xml:26:22-94
30
31    <application
31-->src/main/AndroidManifest.xml:14:5-43:19
32        android:allowBackup="true"
32-->src/main/AndroidManifest.xml:15:9-35
33        android:appComponentFactory="androidx.core.app.CoreComponentFactory"
33-->[androidx.core:core:1.12.0] AndroidManifest.xml:28:18-86
34        android:extractNativeLibs="false"
35        android:label="@string/app_name"
35-->src/main/AndroidManifest.xml:16:9-41
36        android:supportsRtl="true"
36-->src/main/AndroidManifest.xml:17:9-35
37        android:theme="@android:style/Theme.DeviceDefault" >
37-->src/main/AndroidManifest.xml:18:9-59
38        <uses-library
38-->src/main/AndroidManifest.xml:20:9-22:39
39            android:name="com.google.android.wearable"
39-->src/main/AndroidManifest.xml:21:13-55
40            android:required="true" />
40-->src/main/AndroidManifest.xml:22:13-36
41
42        <meta-data
42-->src/main/AndroidManifest.xml:24:9-26:36
43            android:name="com.google.android.wearable.standalone"
43-->src/main/AndroidManifest.xml:25:13-66
44            android:value="true" />
44-->src/main/AndroidManifest.xml:26:13-33
45
46        <activity
46-->src/main/AndroidManifest.xml:28:9-37:20
47            android:name="com.mrpeel.cricketbattingtracker.MainActivity"
47-->src/main/AndroidManifest.xml:29:13-41
48            android:exported="true"
48-->src/main/AndroidManifest.xml:30:13-36
49            android:taskAffinity=""
49-->src/main/AndroidManifest.xml:31:13-36
50            android:theme="@android:style/Theme.DeviceDefault" >
50-->src/main/AndroidManifest.xml:32:13-63
51            <intent-filter>
51-->src/main/AndroidManifest.xml:33:13-36:29
52                <action android:name="android.intent.action.MAIN" />
52-->src/main/AndroidManifest.xml:34:17-69
52-->src/main/AndroidManifest.xml:34:25-66
53
54                <category android:name="android.intent.category.LAUNCHER" />
54-->src/main/AndroidManifest.xml:35:17-77
54-->src/main/AndroidManifest.xml:35:27-74
55            </intent-filter>
56        </activity>
57
58        <service
58-->src/main/AndroidManifest.xml:39:9-42:40
59            android:name="com.mrpeel.cricketbattingtracker.services.TrackerService"
59-->src/main/AndroidManifest.xml:40:13-52
60            android:exported="false"
60-->src/main/AndroidManifest.xml:42:13-37
61            android:foregroundServiceType="health" />
61-->src/main/AndroidManifest.xml:41:13-51
62        <service
62-->[androidx.health:health-services-client:1.0.0-rc01] AndroidManifest.xml:24:9-31:19
63            android:name="androidx.health.services.client.VersionApiService"
63-->[androidx.health:health-services-client:1.0.0-rc01] AndroidManifest.xml:25:13-77
64            android:exported="true"
64-->[androidx.health:health-services-client:1.0.0-rc01] AndroidManifest.xml:26:13-36
65            android:permission="com.google.android.wearable.healthservices.permission.PASSIVE_DATA_BINDING" >
65-->[androidx.health:health-services-client:1.0.0-rc01] AndroidManifest.xml:27:13-108
66            <intent-filter>
66-->[androidx.health:health-services-client:1.0.0-rc01] AndroidManifest.xml:28:13-30:29
67                <action android:name="hs.versionclient.BIND" />
67-->[androidx.health:health-services-client:1.0.0-rc01] AndroidManifest.xml:29:17-64
67-->[androidx.health:health-services-client:1.0.0-rc01] AndroidManifest.xml:29:25-61
68            </intent-filter>
69        </service>
70
71        <activity
71-->[com.google.android.gms:play-services-base:18.0.1] AndroidManifest.xml:20:9-22:45
72            android:name="com.google.android.gms.common.api.GoogleApiActivity"
72-->[com.google.android.gms:play-services-base:18.0.1] AndroidManifest.xml:20:19-85
73            android:exported="false"
73-->[com.google.android.gms:play-services-base:18.0.1] AndroidManifest.xml:22:19-43
74            android:theme="@android:style/Theme.Translucent.NoTitleBar" />
74-->[com.google.android.gms:play-services-base:18.0.1] AndroidManifest.xml:21:19-78
75
76        <meta-data
76-->[com.google.android.gms:play-services-basement:18.0.0] AndroidManifest.xml:21:9-23:69
77            android:name="com.google.android.gms.version"
77-->[com.google.android.gms:play-services-basement:18.0.0] AndroidManifest.xml:22:13-58
78            android:value="@integer/google_play_services_version" />
78-->[com.google.android.gms:play-services-basement:18.0.0] AndroidManifest.xml:23:13-66
79
80        <provider
80-->[androidx.emoji2:emoji2:1.3.0] AndroidManifest.xml:24:9-32:20
81            android:name="androidx.startup.InitializationProvider"
81-->[androidx.emoji2:emoji2:1.3.0] AndroidManifest.xml:25:13-67
82            android:authorities="com.mrpeel.cricketbattingtracker.androidx-startup"
82-->[androidx.emoji2:emoji2:1.3.0] AndroidManifest.xml:26:13-68
83            android:exported="false" >
83-->[androidx.emoji2:emoji2:1.3.0] AndroidManifest.xml:27:13-37
84            <meta-data
84-->[androidx.emoji2:emoji2:1.3.0] AndroidManifest.xml:29:13-31:52
85                android:name="androidx.emoji2.text.EmojiCompatInitializer"
85-->[androidx.emoji2:emoji2:1.3.0] AndroidManifest.xml:30:17-75
86                android:value="androidx.startup" />
86-->[androidx.emoji2:emoji2:1.3.0] AndroidManifest.xml:31:17-49
87            <meta-data
87-->[androidx.lifecycle:lifecycle-process:2.7.0] AndroidManifest.xml:29:13-31:52
88                android:name="androidx.lifecycle.ProcessLifecycleInitializer"
88-->[androidx.lifecycle:lifecycle-process:2.7.0] AndroidManifest.xml:30:17-78
89                android:value="androidx.startup" />
89-->[androidx.lifecycle:lifecycle-process:2.7.0] AndroidManifest.xml:31:17-49
90            <meta-data
90-->[androidx.profileinstaller:profileinstaller:1.3.0] AndroidManifest.xml:29:13-31:52
91                android:name="androidx.profileinstaller.ProfileInstallerInitializer"
91-->[androidx.profileinstaller:profileinstaller:1.3.0] AndroidManifest.xml:30:17-85
92                android:value="androidx.startup" />
92-->[androidx.profileinstaller:profileinstaller:1.3.0] AndroidManifest.xml:31:17-49
93        </provider>
94
95        <receiver
95-->[androidx.profileinstaller:profileinstaller:1.3.0] AndroidManifest.xml:34:9-52:20
96            android:name="androidx.profileinstaller.ProfileInstallReceiver"
96-->[androidx.profileinstaller:profileinstaller:1.3.0] AndroidManifest.xml:35:13-76
97            android:directBootAware="false"
97-->[androidx.profileinstaller:profileinstaller:1.3.0] AndroidManifest.xml:36:13-44
98            android:enabled="true"
98-->[androidx.profileinstaller:profileinstaller:1.3.0] AndroidManifest.xml:37:13-35
99            android:exported="true"
99-->[androidx.profileinstaller:profileinstaller:1.3.0] AndroidManifest.xml:38:13-36
100            android:permission="android.permission.DUMP" >
100-->[androidx.profileinstaller:profileinstaller:1.3.0] AndroidManifest.xml:39:13-57
101            <intent-filter>
101-->[androidx.profileinstaller:profileinstaller:1.3.0] AndroidManifest.xml:40:13-42:29
102                <action android:name="androidx.profileinstaller.action.INSTALL_PROFILE" />
102-->[androidx.profileinstaller:profileinstaller:1.3.0] AndroidManifest.xml:41:17-91
102-->[androidx.profileinstaller:profileinstaller:1.3.0] AndroidManifest.xml:41:25-88
103            </intent-filter>
104            <intent-filter>
104-->[androidx.profileinstaller:profileinstaller:1.3.0] AndroidManifest.xml:43:13-45:29
105                <action android:name="androidx.profileinstaller.action.SKIP_FILE" />
105-->[androidx.profileinstaller:profileinstaller:1.3.0] AndroidManifest.xml:44:17-85
105-->[androidx.profileinstaller:profileinstaller:1.3.0] AndroidManifest.xml:44:25-82
106            </intent-filter>
107            <intent-filter>
107-->[androidx.profileinstaller:profileinstaller:1.3.0] AndroidManifest.xml:46:13-48:29
108                <action android:name="androidx.profileinstaller.action.SAVE_PROFILE" />
108-->[androidx.profileinstaller:profileinstaller:1.3.0] AndroidManifest.xml:47:17-88
108-->[androidx.profileinstaller:profileinstaller:1.3.0] AndroidManifest.xml:47:25-85
109            </intent-filter>
110            <intent-filter>
110-->[androidx.profileinstaller:profileinstaller:1.3.0] AndroidManifest.xml:49:13-51:29
111                <action android:name="androidx.profileinstaller.action.BENCHMARK_OPERATION" />
111-->[androidx.profileinstaller:profileinstaller:1.3.0] AndroidManifest.xml:50:17-95
111-->[androidx.profileinstaller:profileinstaller:1.3.0] AndroidManifest.xml:50:25-92
112            </intent-filter>
113        </receiver>
114    </application>
115
116</manifest>